0 info it worked if it ends with ok
1 verbose cli [ '/Users/jimmyzidanguo/.nvm/versions/node/v6.3.1/bin/node',
1 verbose cli   '/Users/jimmyzidanguo/.nvm/versions/node/v6.3.1/bin/npm',
1 verbose cli   'run',
1 verbose cli   'build' ]
2 info using npm@3.10.3
3 info using node@v6.3.1
4 verbose run-script [ 'prebuild', 'build', 'postbuild' ]
5 info lifecycle Rentburrow_Tenant@1.0.0~prebuild: Rentburrow_Tenant@1.0.0
6 silly lifecycle Rentburrow_Tenant@1.0.0~prebuild: no script for prebuild, continuing
7 info lifecycle Rentburrow_Tenant@1.0.0~build: Rentburrow_Tenant@1.0.0
8 verbose lifecycle Rentburrow_Tenant@1.0.0~build: unsafe-perm in lifecycle true
9 verbose lifecycle Rentburrow_Tenant@1.0.0~build: PATH: /Users/jimmyzidanguo/.nvm/versions/node/v6.3.1/lib/node_modules/npm/bin/node-gyp-bin:/Users/jimmyzidanguo/rentburrow/tenant_v3/Tenant_Website_Rentburrow/node_modules/.bin:/Users/jimmyzidanguo/.nvm/versions/node/v6.3.1/bin:/Users/jimmyzidanguo/.nvm/versions/node/v6.3.1/bin:/Users/jimmyzidanguo/anaconda3/bin:/Library/Frameworks/Python.framework/Versions/3.6/bin:/Library/Frameworks/Python.framework/Versions/3.6/bin:/Users/jimmyzidanguo/.local/bin:/Users/jimmyzidanguo/anaconda3/bin:/usr/local/share/npm/bin:/Library/Frameworks/Python.framework/Versions/2.7/bin:/Library/Frameworks/Python.framework/Versions/3.5/bin:/Users/jimmyzidanguo/.rvm/gems/ruby-2.2.1/bin:/Users/jimmyzidanguo/.rvm/gems/ruby-2.2.1@global/bin:/Users/jimmyzidanguo/.rvm/rubies/ruby-2.2.1/bin:/usr/local/bin:/usr/bin:/bin:/usr/sbin:/sbin:/opt/X11/bin:/usr/local/mysql/bin:/Library/TeX/texbin:/Users/jimmyzidanguo/.rvm/bin:/usr/local/share/sublime/bin
10 verbose lifecycle Rentburrow_Tenant@1.0.0~build: CWD: /Users/jimmyzidanguo/rentburrow/tenant_v3/Tenant_Website_Rentburrow
11 silly lifecycle Rentburrow_Tenant@1.0.0~build: Args: [ '-c', 'webpack -p' ]
12 silly lifecycle Rentburrow_Tenant@1.0.0~build: Returned: code: 2  signal: null
13 info lifecycle Rentburrow_Tenant@1.0.0~build: Failed to exec build script
14 verbose stack Error: Rentburrow_Tenant@1.0.0 build: `webpack -p`
14 verbose stack Exit status 2
14 verbose stack     at EventEmitter.<anonymous> (/Users/jimmyzidanguo/.nvm/versions/node/v6.3.1/lib/node_modules/npm/lib/utils/lifecycle.js:242:16)
14 verbose stack     at emitTwo (events.js:106:13)
14 verbose stack     at EventEmitter.emit (events.js:191:7)
14 verbose stack     at ChildProcess.<anonymous> (/Users/jimmyzidanguo/.nvm/versions/node/v6.3.1/lib/node_modules/npm/lib/utils/spawn.js:40:14)
14 verbose stack     at emitTwo (events.js:106:13)
14 verbose stack     at ChildProcess.emit (events.js:191:7)
14 verbose stack     at maybeClose (internal/child_process.js:852:16)
14 verbose stack     at Process.ChildProcess._handle.onexit (internal/child_process.js:215:5)
15 verbose pkgid Rentburrow_Tenant@1.0.0
16 verbose cwd /Users/jimmyzidanguo/rentburrow/tenant_v3/Tenant_Website_Rentburrow
17 error Darwin 15.6.0
18 error argv "/Users/jimmyzidanguo/.nvm/versions/node/v6.3.1/bin/node" "/Users/jimmyzidanguo/.nvm/versions/node/v6.3.1/bin/npm" "run" "build"
19 error node v6.3.1
20 error npm  v3.10.3
21 error code ELIFECYCLE
22 error Rentburrow_Tenant@1.0.0 build: `webpack -p`
22 error Exit status 2
23 error Failed at the Rentburrow_Tenant@1.0.0 build script 'webpack -p'.
23 error Make sure you have the latest version of node.js and npm installed.
23 error If you do, this is most likely a problem with the Rentburrow_Tenant package,
23 error not with npm itself.
23 error Tell the author that this fails on your system:
23 error     webpack -p
23 error You can get information on how to open an issue for this project with:
23 error     npm bugs Rentburrow_Tenant
23 error Or if that isn't available, you can get their info via:
23 error     npm owner ls Rentburrow_Tenant
23 error There is likely additional logging output above.
24 verbose exit [ 1, true ]
